0 info it worked if it ends with ok
1 verbose cli [
1 verbose cli   'C:\\Program Files\\nodejs\\node.exe',
1 verbose cli   'C:\\Program Files\\nodejs\\node_modules\\npm\\bin\\npm-cli.js',
1 verbose cli   'run',
1 verbose cli   'lint',
1 verbose cli   '--no-cache'
1 verbose cli ]
2 info using npm@6.14.18
3 info using node@v14.21.3
4 verbose run-script [ 'prelint', 'lint', 'postlint' ]
5 info lifecycle react-hotel-booking-app@0.1.0~prelint: react-hotel-booking-app@0.1.0
6 info lifecycle react-hotel-booking-app@0.1.0~lint: react-hotel-booking-app@0.1.0
7 verbose lifecycle react-hotel-booking-app@0.1.0~lint: unsafe-perm in lifecycle true
8 verbose lifecycle react-hotel-booking-app@0.1.0~lint: PATH: C:\Program Files\nodejs\node_modules\npm\node_modules\npm-lifecycle\node-gyp-bin;D:\Workspace\CODEPractice\Next.js\react-hotel-booking-app\node_modules\.bin;C:\Python311\Scripts\;C:\Python311\;C:\Program Files\Common Files\Oracle\Java\javapath;C:\WINDOWS\system32;C:\WINDOWS;C:\WINDOWS\System32\Wbem;C:\WINDOWS\System32\WindowsPowerShell\v1.0\;C:\WINDOWS\System32\OpenSSH\;C:\ProgramData\chocolatey\bin;C:\Program Files\nodejs\;C:\Program Files\Git\cmd;C:\Users\OPTLPTP404\AppData\Local\Programs\Python\Python310\Scripts\;C:\Users\OPTLPTP404\AppData\Local\Programs\Python\Python310\;C:\Users\OPTLPTP404\AppData\Local\Microsoft\WindowsApps;C:\sonar-scanner-4.7.0.2747-windows\bin;C:\sonarqube-9.4.0.54424\bin\windows-x86-64;C:\Users\OPTLPTP404\AppData\Local\atom\bin;C:\Users\OPTLPTP404\AppData\Local\Programs\Microsoft VS Code\bin;C:\Users\OPTLPTP404\AppData\Roaming\npm;%USERPROFILE%\AppData\Local\Microsoft\WindowsApps;
9 verbose lifecycle react-hotel-booking-app@0.1.0~lint: CWD: D:\Workspace\CODEPractice\Next.js\react-hotel-booking-app
10 silly lifecycle react-hotel-booking-app@0.1.0~lint: Args: [ '/d /s /c', 'next lint' ]
11 silly lifecycle react-hotel-booking-app@0.1.0~lint: Returned: code: 1  signal: null
12 info lifecycle react-hotel-booking-app@0.1.0~lint: Failed to exec lint script
13 verbose stack Error: react-hotel-booking-app@0.1.0 lint: `next lint`
13 verbose stack Exit status 1
13 verbose stack     at EventEmitter.<anonymous> (C:\Program Files\nodejs\node_modules\npm\node_modules\npm-lifecycle\index.js:332:16)
13 verbose stack     at EventEmitter.emit (events.js:400:28)
13 verbose stack     at ChildProcess.<anonymous> (C:\Program Files\nodejs\node_modules\npm\node_modules\npm-lifecycle\lib\spawn.js:55:14)
13 verbose stack     at ChildProcess.emit (events.js:400:28)
13 verbose stack     at maybeClose (internal/child_process.js:1088:16)
13 verbose stack     at Process.ChildProcess._handle.onexit (internal/child_process.js:296:5)
14 verbose pkgid react-hotel-booking-app@0.1.0
15 verbose cwd D:\Workspace\CODEPractice\Next.js\react-hotel-booking-app
16 verbose Windows_NT 10.0.22621
17 verbose argv "C:\\Program Files\\nodejs\\node.exe" "C:\\Program Files\\nodejs\\node_modules\\npm\\bin\\npm-cli.js" "run" "lint" "--no-cache"
18 verbose node v14.21.3
19 verbose npm  v6.14.18
20 error code ELIFECYCLE
21 error errno 1
22 error react-hotel-booking-app@0.1.0 lint: `next lint`
22 error Exit status 1
23 error Failed at the react-hotel-booking-app@0.1.0 lint script.
23 error This is probably not a problem with npm. There is likely additional logging output above.
24 verbose exit [ 1, true ]
